app/build/outputs/mapping/civRelease/seeds.txt
com.atakmap.android.helloworld.plugin.HelloWorldTool
com.atakmap.android.helloworld.plugin.HelloWorldLifecycle
com.atakmap.android.helloworld.plugin.R$drawable: int rv_vertical
com.atakmap.android.helloworld.plugin.R$drawable: int svg_example
com.atakmap.android.helloworld.plugin.R$style: int unpaddedButton
com.atakmap.android.helloworld.plugin.R$layout: int overlay_footer
com.atakmap.android.helloworld.plugin.R$id: int gpsExamples
com.atakmap.android.helloworld.plugin.R$string: int pluginNotification
com.atakmap.android.helloworld.plugin.R$style: int AppTheme
com.atakmap.android.helloworld.plugin.R$xml: int preferences
com.atakmap.android.helloworld.plugin.R$string: int perform_add
com.atakmap.android.helloworld.plugin.R$style: int FullDropdownStyle
com.atakmap.android.helloworld.plugin.R$id: int header_button
com.atakmap.android.helloworld.plugin.R$string: int download_time_left
com.atakmap.android.helloworld.plugin.R$id: int addMultiLayer
com.atakmap.android.helloworld.plugin.R$styleable: int RecyclerView_reverseLayout
com.atakmap.android.helloworld.plugin.R$drawable: int ic_launcher
com.atakmap.android.helloworld.plugin.R$id: int webView
com.atakmap.android.helloworld.plugin.R$id: int externalGps
com.atakmap.android.helloworld.plugin.R$id: int tab_right_dot
com.atakmap.android.helloworld.plugin.R$string: int speech_hint_u
com.atakmap.android.helloworld.plugin.R$drawable: int new_dark_button_disabled
com.atakmap.android.helloworld.plugin.R$string: int fly
com.atakmap.android.helloworld.plugin.R$string: int hello_world
com.atakmap.android.helloworld.plugin.R$string: int showSeachIcon
com.atakmap.android.helloworld.plugin.R$id: int notificationExamples
com.atakmap.android.helloworld.plugin.R$id: int item_touch_helper_previous_elevation
com.atakmap.android.helloworld.plugin.R$id: int singlePoint2525
com.atakmap.android.helloworld.plugin.R$array: int spotmap_array
com.atakmap.android.helloworld.plugin.R$array: int RingTheBell_Array
com.atakmap.android.helloworld.plugin.R$string: int bumpControl
com.atakmap.android.helloworld.plugin.R$id: int getImage
com.atakmap.android.helloworld.plugin.R$array: int drop_a_array
com.atakmap.android.helloworld.plugin.R$styleable: int RecyclerView_fastScrollEnabled
com.atakmap.android.helloworld.plugin.R$attr: int fastScrollHorizontalThumbDrawable
com.atakmap.android.helloworld.plugin.R$array: int compass_array
com.atakmap.android.helloworld.plugin.R$array: int a_array
com.atakmap.android.helloworld.plugin.R$style: int AppBaseTheme
com.atakmap.android.helloworld.plugin.R$string: int imageAttach
com.atakmap.android.helloworld.plugin.R$array: int high_array
com.atakmap.android.helloworld.plugin.R$string: int action_settings
com.atakmap.android.helloworld.plugin.R$id: int hide
com.atakmap.android.helloworld.plugin.R$string: int no_emergency
com.atakmap.android.helloworld.plugin.R$id: int issLocation
com.atakmap.android.helloworld.plugin.R$string: int specialWheelMarker
com.atakmap.android.helloworld.plugin.R$id: int customMenuFactory
com.atakmap.android.helloworld.plugin.R$id: int defaultButtons
com.atakmap.android.helloworld.plugin.R$id: int emergency
com.atakmap.android.helloworld.plugin.R$string: int default_buttons
com.atakmap.android.helloworld.plugin.R$id: int clickTextView
com.atakmap.android.helloworld.plugin.R$string: int confirm_btn
com.atakmap.android.helloworld.plugin.R$id: int dropMarker_btn
com.atakmap.android.helloworld.plugin.R$drawable: int dot_selected
com.atakmap.android.helloworld.plugin.R$string: int download_map_layer_msg
com.atakmap.android.helloworld.plugin.R$id: int showSearchIcon
com.atakmap.android.helloworld.plugin.R$string: int permission_warning
com.atakmap.android.helloworld.plugin.R$dimen: int fastscroll_default_thickness
com.atakmap.android.helloworld.plugin.R$string: int full_example_summary
com.atakmap.android.helloworld.plugin.R$id: int mapMovement
com.atakmap.android.helloworld.plugin.R$array: int range_units_abbreviation
...
androidx.recyclerview.widget.StaggeredGridLayoutManager
androidx.annotation.Keep
com.javacodegeeks.android.contentprovidertest.BirthProvider
com.atakmap.android.helloworld.PluginPermissionActivity
androidx.recyclerview.widget.StaggeredGridLayoutManager$SavedState
androidx.recyclerview.widget.LinearLayoutManager
com.atakmap.android.helloworld.service.ExampleAidlService
com.atakmap.android.helloworld.speechtotext.SpeechToActivity
androidx.recyclerview.widget.RecyclerView$SavedState
com.atakmap.android.helloworld.recyclerview.RecyclerView
com.atakmap.android.helloworld.notification.NotificationService
androidx.recyclerview.widget.GridLayoutManager
androidx.recyclerview.widget.StaggeredGridLayoutManager$LazySpanLookup$FullSpanItem
androidx.recyclerview.widget.LinearLayoutManager$SavedState
com.atakmap.android.helloworld.CameraActivity
androidx.recyclerview.widget.StaggeredGridLayoutManager$SavedState: android.os.Parcelable$Creator CREATOR
androidx.recyclerview.R$styleable: int RecyclerView_fastScrollEnabled
androidx.recyclerview.R$styleable: int RecyclerView_reverseLayout
androidx.recyclerview.R$styleable: int[] RecyclerView
androidx.recyclerview.R$attr: int reverseLayout
androidx.recyclerview.R$attr: int recyclerViewStyle
androidx.recyclerview.R$styleable: int RecyclerView_fastScrollVerticalTrackDrawable
androidx.recyclerview.R$attr: int fastScrollVerticalTrackDrawable
androidx.recyclerview.R$styleable: int RecyclerView_layoutManager
androidx.recyclerview.R$styleable: int RecyclerView_spanCount
androidx.recyclerview.R$attr: int fastScrollEnabled
androidx.recyclerview.R$attr: int fastScrollHorizontalTrackDrawable
androidx.recyclerview.widget.LinearLayoutManager$SavedState: android.os.Parcelable$Creator CREATOR
androidx.recyclerview.R$styleable: int RecyclerView_fastScrollHorizontalThumbDrawable
androidx.recyclerview.R$attr: int fastScrollVerticalThumbDrawable
androidx.recyclerview.R$styleable: int RecyclerView_android_clipToPadding
androidx.recyclerview.R$id: int item_touch_helper_previous_elevation
androidx.recyclerview.R$attr: int stackFromEnd
androidx.recyclerview.R$dimen: int item_touch_helper_swipe_escape_max_velocity
androidx.recyclerview.R$dimen: int fastscroll_default_thickness
androidx.recyclerview.R$dimen: int item_touch_helper_swipe_escape_velocity
androidx.recyclerview.R$styleable: int RecyclerView_stackFromEnd
androidx.recyclerview.R$dimen: int item_touch_helper_max_drag_scroll_per_frame
androidx.recyclerview.R$dimen: int fastscroll_margin
androidx.recyclerview.widget.StaggeredGridLayoutManager$LazySpanLookup$FullSpanItem: android.os.Parcelable$Creator CREATOR
androidx.recyclerview.R$styleable: int RecyclerView_android_descendantFocusability
androidx.recyclerview.R$attr: int layoutManager
androidx.recyclerview.R$dimen: int fastscroll_minimum_range
androidx.recyclerview.R$id: int icon
androidx.recyclerview.R$attr: int fastScrollHorizontalThumbDrawable
androidx.recyclerview.widget.RecyclerView$SavedState: android.os.Parcelable$Creator CREATOR
androidx.recyclerview.R$attr: int spanCount
androidx.recyclerview.R$styleable: int RecyclerView_fastScrollHorizontalTrackDrawable
androidx.recyclerview.R$styleable: int RecyclerView_fastScrollVerticalThumbDrawable
androidx.recyclerview.R$styleable: int RecyclerView_android_orientation
com.javacodegeeks.android.contentprovidertest.BirthProvider: BirthProvider()
androidx.recyclerview.widget.RecyclerView: void suppressLayout(boolean)
androidx.recyclerview.widget.GapWorker$Task: GapWorker$Task()
androidx.annotation.InspectableProperty$ValueType: androidx.annotation.InspectableProperty$ValueType[] values()
androidx.recyclerview.widget.DiffUtil$Range: DiffUtil$Range()
androidx.recyclerview.widget.GapWorker: GapWorker()
androidx.recyclerview.widget.RecyclerView$ItemDecoration: RecyclerView$ItemDecoration()
androidx.recyclerview.widget.ViewInfoStore$InfoRecord: ViewInfoStore$InfoRecord()