app/build/outputs/mapping/civRelease/mapping.txt
# compiler: R8
# compiler_version: 4.0.52
# min_api: 21
# common_typos_disable
# {"id":"com.android.tools.r8.mapping","version":"2.1"}
# pg_map_id: 97f9a65
# pg_map_hash: SHA-256 97f9a65dff0b7b73b589544b9885b20112169df0acbb0fe08f5dd51b38583ad9
com.atakmap.android.helloworld.plugin.BuildConfig -> atakplugin.helloworld.k:
    java.lang.String ATAK_PACKAGE_NAME -> g
    java.lang.String VERSION_NAME -> f
    int VERSION_CODE -> e
    boolean DEBUG -> a
    java.lang.String BUILD_TYPE -> c
    java.lang.String APPLICATION_ID -> b
    java.lang.String FLAVOR -> d
    0:65535:void <init>():6:6 -> <init>
com.atakmap.android.helloworld.plugin.HelloWorldLifecycle -> com.atakmap.android.helloworld.plugin.HelloWorldLifecycle:
    0:65535:void <init>(gov.tak.api.plugin.IServiceController):12:12 -> <init>
com.atakmap.android.helloworld.plugin.HelloWorldTool -> com.atakmap.android.helloworld.plugin.HelloWorldTool:
    android.content.BroadcastReceiver br -> a
    java.lang.String TAG -> b
    4:7:void <init>(android.content.Context):21:21 -> <init>
    8:11:void <init>(android.content.Context):22:22 -> <init>
    12:26:void <init>(android.content.Context):23:23 -> <init>
    27:29:void <init>(android.content.Context):20:20 -> <init>
    30:36:void <init>(android.content.Context):32:32 -> <init>
    37:51:void <init>(android.content.Context):26:26 -> <init>
    0:65535:void dispose():51:51 -> dispose
com.atakmap.android.helloworld.plugin.HelloWorldTool$1 -> com.atakmap.android.helloworld.plugin.HelloWorldTool$a:
    com.atakmap.android.helloworld.plugin.HelloWorldTool this$0 -> b
    int count -> a
    1:6:void <init>(com.atakmap.android.helloworld.plugin.HelloWorldTool):32:32 -> <init>
    7:9:void <init>(com.atakmap.android.helloworld.plugin.HelloWorldTool):33:33 -> <init>
    1:6:void onReceive(android.content.Context,android.content.Intent):38:38 -> onReceive
    7:12:void onReceive(android.content.Context,android.content.Intent):39:39 -> onReceive
    13:21:void onReceive(android.content.Context,android.content.Intent):42:42 -> onReceive
    22:28:void onReceive(android.content.Context,android.content.Intent):43:43 -> onReceive
    29:53:void onReceive(android.content.Context,android.content.Intent):44:44 -> onReceive
com.atakmap.android.helloworld.plugin.R -> com.atakmap.android.helloworld.plugin.a:
com.atakmap.android.helloworld.plugin.R$array -> com.atakmap.android.helloworld.plugin.a$a:
com.atakmap.android.helloworld.plugin.R$attr -> com.atakmap.android.helloworld.plugin.a$b:
com.atakmap.android.helloworld.plugin.R$color -> com.atakmap.android.helloworld.plugin.a$c:
com.atakmap.android.helloworld.plugin.R$dimen -> com.atakmap.android.helloworld.plugin.a$d:
com.atakmap.android.helloworld.plugin.R$drawable -> com.atakmap.android.helloworld.plugin.a$e:
com.atakmap.android.helloworld.plugin.R$id -> com.atakmap.android.helloworld.plugin.a$f:
com.atakmap.android.helloworld.plugin.R$layout -> com.atakmap.android.helloworld.plugin.a$g:
com.atakmap.android.helloworld.plugin.R$string -> com.atakmap.android.helloworld.plugin.a$h:
com.atakmap.android.helloworld.plugin.R$style -> com.atakmap.android.helloworld.plugin.a$i:
com.atakmap.android.helloworld.plugin.R$styleable -> com.atakmap.android.helloworld.plugin.a$j:
com.atakmap.android.helloworld.plugin.R$xml -> com.atakmap.android.helloworld.plugin.a$k:
...
com.atakmap.android.helloworld.HelloWorldContactHandler -> atakplugin.helloworld.H:
    android.content.Context pluginContext -> a
    java.lang.String TAG -> b
    1:3:void <init>(android.content.Context):25:25 -> <init>
    4:6:void <init>(android.content.Context):26:26 -> <init>
    1:15:java.lang.String getDescription():70:70 -> getDescription
    16:27:java.lang.String getDescription():71:71 -> getDescription
    0:65535:java.lang.String getName():42:42 -> getName
    1:8:boolean handleContact(java.lang.String,java.lang.String,java.lang.String):52:52 -> handleContact
    9:13:boolean handleContact(java.lang.String,java.lang.String,java.lang.String):53:53 -> handleContact
    14:23:boolean handleContact(java.lang.String,java.lang.String,java.lang.String):55:55 -> handleContact
    3:7:boolean isSupported(java.lang.String):31:31 -> isSupported
com.atakmap.android.helloworld.HelloWorldDropDownReceiver -> com.atakmap.android.helloworld.a:
    android.content.Context pluginContext -> c
    android.content.BroadcastReceiver fordReceiver -> I
    com.atakmap.android.helloworld.CameraActivity$CameraDataListener cdl -> u
    com.atakmap.android.helloworld.HelloWorldMapOverlay mapOverlay -> f
    java.lang.String TAG -> K
    com.atakmap.android.helloworld.layers.LayerDownloadExample layerDownloader -> r
    java.util.Map exampleMultiLayers -> o
    java.lang.String CHAT_HELLO_WORLD -> M
    java.lang.String LAYER_DELETE -> O
    com.atakmap.android.contact.Contact helloContact -> d
    double currWidth -> s
    com.atakmap.comms.CotServiceRemote$ConnectionListener cl -> C
    com.atakmap.android.helloworld.speechtotext.SpeechToActivity$SpeechDataListener sd1a -> y
    com.atakmap.android.helloworld.tools.LRFPointTool lrfPointTool -> F
    com.atakmap.android.helloworld.samplelayer.ExampleLayer exampleLayer -> n
    com.atakmap.android.helloworld.navstack.NavigationStackDropDown navstackView -> i
    com.atakmap.android.helloworld.tools.LRFPointTool$LRFCallback lrfCallback -> G
    com.atakmap.android.helloworld.menu.MenuFactory menuFactory -> j
    java.util.Timer issTimer -> l
    com.atakmap.android.routes.Route r -> m
    com.atakmap.android.helloworld.SpeechToTextActivity$SpeechDataReceiver sdr -> x
    com.atakmap.comms.CotServiceRemote$OutputsChangedListener _outputsChangedListener -> E
com.atakmap.android.helloworld.HelloWorldDropDownReceiver$1 -> com.atakmap.android.helloworld.a$k:
    com.atakmap.android.helloworld.HelloWorldDropDownReceiver this$0 -> a
    0:65535:void <init>(com.atakmap.android.helloworld.HelloWorldDropDownReceiver):252:252 -> <init>
    1:22:void onCameraDataReceived(android.graphics.Bitmap):254:254 -> a
    23:26:void onCameraDataReceived(android.graphics.Bitmap):255:255 -> a
com.atakmap.android.helloworld.HelloWorldDropDownReceiver$10 -> com.atakmap.android.helloworld.a$a:
    com.atakmap.android.helloworld.HelloWorldDropDownReceiver this$0 -> a
    0:65535:void <init>(com.atakmap.android.helloworld.HelloWorldDropDownReceiver):615:615 -> <init>
    0:65535:void onClick(android.view.View):619:619 -> onClick
com.atakmap.android.helloworld.HelloWorldDropDownReceiver$11 -> com.atakmap.android.helloworld.a$b:
    com.atakmap.android.helloworld.HelloWorldDropDownReceiver this$0 -> a
    0:65535:void <init>(com.atakmap.android.helloworld.HelloWorldDropDownReceiver):628:628 -> <init>
    1:10:void onClick(android.view.View):632:632 -> onClick
    11:14:void onClick(android.view.View):650:650 -> onClick